2025-09-03 18:47:04,841 - INFO - Starting KNN classification process with Custom CNN features...
2025-09-03 18:47:04,841 - INFO - Dataset Path: c:\Users\Student\Desktop\Chiu Siew Chin\CNN Series\CNN---Multi-Target-Crocodile-Detection-System\dataset
2025-09-03 18:47:04,841 - INFO - Model Path: c:\Users\Student\Desktop\Chiu Siew Chin\CNN Series\CNN---Multi-Target-Crocodile-Detection-System\custom_cnn_checkpoint\best_custom_cnn_model.pth
2025-09-03 18:47:04,841 - INFO - Loading Custom CNN feature extractor model...
2025-09-03 18:47:05,087 - INFO - Model was trained on 2 classes.
2025-09-03 18:47:05,287 - INFO - Loading dataset...
2025-09-03 18:47:05,309 - INFO - Found 4190 training images and 2625 validation images.
2025-09-03 18:47:05,309 - INFO - Extracting features from the training set...
2025-09-03 18:47:19,577 - INFO - Extracting features from the validation set...
2025-09-03 18:47:34,311 - INFO - Feature extraction complete! Train features shape: (4190, 2048), Test features shape: (2625, 2048)
2025-09-03 18:47:34,311 - INFO - 
--- Training and Evaluating KNN Classifier ---
2025-09-03 18:47:34,311 - INFO - Using K = 5
2025-09-03 18:47:34,311 - INFO - Training the KNN classifier...
2025-09-03 18:47:34,311 - INFO - Making predictions with the KNN classifier on the test set...
2025-09-03 18:47:34,997 - INFO - ------------------------------------------
2025-09-03 18:47:34,997 - INFO - FINAL RESULT: KNN classifier accuracy on the test set: 87.81%
2025-09-03 18:47:34,997 - INFO - ------------------------------------------
2025-09-03 18:47:34,997 - INFO - KNN classification process finished.
2025-09-03 19:17:49,926 - INFO - Starting KNN classification process with Custom CNN features...
2025-09-03 19:17:49,926 - INFO - Dataset Path: c:\Users\Student\Desktop\Chiu Siew Chin\CNN Series\CNN---Multi-Target-Crocodile-Detection-System\dataset
2025-09-03 19:17:49,926 - INFO - Model Path: c:\Users\Student\Desktop\Chiu Siew Chin\CNN Series\CNN---Multi-Target-Crocodile-Detection-System\custom_cnn_checkpoint\best_custom_cnn_model.pth
2025-09-03 19:17:49,926 - INFO - Loading Custom CNN feature extractor model...
2025-09-03 19:17:50,174 - INFO - Model was trained on 2 classes.
2025-09-03 19:17:50,364 - INFO - Loading dataset...
2025-09-03 19:17:50,397 - INFO - Found 4190 training images and 2625 validation images.
2025-09-03 19:17:50,397 - INFO - Extracting features from the training set...
2025-09-03 19:18:04,625 - INFO - Extracting features from the validation set...
2025-09-03 19:18:19,596 - INFO - Feature extraction complete! Train features shape: (4190, 2048), Test features shape: (2625, 2048)
2025-09-03 19:18:19,596 - INFO - 
--- Training and Evaluating KNN Classifier ---
2025-09-03 19:18:19,596 - INFO - Using K = 5
2025-09-03 19:18:19,596 - INFO - Training the KNN classifier...
2025-09-03 19:18:19,601 - INFO - Making predictions with the KNN classifier on the test set...
2025-09-03 19:18:20,266 - INFO - ------------------------------------------
2025-09-03 19:18:20,266 - INFO - FINAL RESULT: KNN classifier accuracy on the test set: 87.70%
2025-09-03 19:18:20,266 - INFO - ------------------------------------------
2025-09-03 19:18:20,266 - INFO - KNN classification process finished.
2025-09-04 14:43:35,817 - INFO - Starting KNN classification process with Custom CNN features...
2025-09-04 14:43:35,818 - INFO - Dataset Path: c:\Users\Student\Desktop\Chiu Siew Chin\CNN Series\CNN---Multi-Target-Crocodile-Detection-System\dataset
2025-09-04 14:43:35,818 - INFO - Model Path: c:\Users\Student\Desktop\Chiu Siew Chin\CNN Series\CNN---Multi-Target-Crocodile-Detection-System\custom_cnn_checkpoint\best_custom_cnn_model.pth
2025-09-04 14:43:35,818 - INFO - Loading Custom CNN feature extractor model...
2025-09-04 14:43:36,080 - INFO - Model was trained on 2 classes.
2025-09-04 14:43:36,322 - INFO - Loading dataset...
2025-09-04 14:43:36,340 - INFO - Found 4190 training images and 2625 validation images.
2025-09-04 14:43:36,340 - INFO - Extracting features from the training set...
2025-09-04 14:43:50,633 - INFO - Extracting features from the validation set...
2025-09-04 14:44:05,733 - INFO - Feature extraction complete! Train features shape: (4190, 2048), Test features shape: (2625, 2048)
2025-09-04 14:44:05,733 - INFO - 
--- Training and Evaluating KNN Classifier ---
2025-09-04 14:44:05,733 - INFO - Using K = 5
2025-09-04 14:44:05,733 - INFO - Training the KNN classifier...
2025-09-04 14:44:05,741 - INFO - Making predictions with the KNN classifier on the test set...
2025-09-04 14:44:06,438 - INFO - ------------------------------------------
2025-09-04 14:44:06,440 - INFO - FINAL RESULT: KNN classifier accuracy on the test set: 87.70%
2025-09-04 14:44:06,440 - INFO - ------------------------------------------
2025-09-04 14:44:06,440 - INFO - KNN classification process finished.
